ICZd+fQw9KoaDX245Bwf5L5cjZ+nlivYYzfQbJgG9vjvYnupB1YZzQLW6EFu3uYeVUAUmSMcGbrgfxtbU8KXWQ==
s4PT1m8hrvagVWQpjGmuI6V3SKRn4eiRL/Tp1l+HwMJap9/Ekmk+tRd2BP1HlvH0
x4Jy9ohvvpD7pJxHLLX7eFwW5qYiD41G3JKMBKwxYwQDKjCKADlI9gxPIgQXd42i
ICZd+fQw9KoaDX245Bwf5L5cjZ+nlivYYzfQbJgG9vgxlNTt6aenG9fkPOIx0CxRVUAUmSMcGbrgfxtbU8KXWQ==
x4Jy9ohvvpD7pJxHLLX7eFwW5qYiD41G3JKMBKwxYwRg9e3HV6KZGjG3TTezYI/J
ICZd+fQw9KoaDX245Bwf5L5cjZ+nlivYYzfQbJgG9vh5rCpoKz9vsGaM4Br7KxuQVUAUmSMcGbrgfxtbU8KXWQ==
AU+VeZ2zO+aqd5ZEkRIMPOe501MByEcc78E8q1YJgdN3aWZtC1ILroIrRUMUYPTqdIvtZtTga5Anci/4amXoNg==
P8lrmTuhJdVLgNj92HkcicTOU099tSFkKdU8HsRWcht3/x6KBek4oXVXsFd8F8pw
751/RvkGa2R4BMtWtHxogc6fa7im8ymaRgSJVbbasd/CBLtIYOa1PaUQ5zs5mEez
AU+VeZ2zO+aqd5ZEkRIMPOe501MByEcc78E8q1YJgdMaGrhPAs5TvRGUWVqY8rMJdIvtZtTga5Anci/4amXoNg==
751/RvkGa2R4BMtWtHxogc6fa7im8ymaRgSJVbbasd/HQQ4jYy71HcLVzDusIXjv
cFGP7aXRGpssbren+Dfo7OQZPVbz/IhUQAoU6UpFOXlH8AD31BgrVr9iwv7vWMhRt77RAH5pkzrfE8IiJtiBiw==
FDdH42o8FWOaAG1U2q3nC2PAdO3M4npgaOEPxZMiuk23Hea6J1UquVBG4Fin4qFn
o9j+7YVqMQJn69InSoVspO0ezSIGdkmWmpW0jgy41tdrFvbgyJJEKSweEC76nnMt
cFGP7aXRGpssbren+Dfo7OQZPVbz/IhUQAoU6UpFOXmUkzRxeYbP20fPv/DxXsnot77RAH5pkzrfE8IiJtiBiw==
o9j+7YVqMQJn69InSoVspO0ezSIGdkmWmpW0jgy41te7B/SatnjYoRP18ONQNDEl
cFGP7aXRGpssbren+Dfo7OQZPVbz/IhUQAoU6UpFOXlek131WGZrTHRwJ+d2X9zzt77RAH5pkzrfE8IiJtiBiw==
EDM2ALsjJLeHM5G/B/uC4Jl1rkGyCt4b9f/7Rul8wo5sojmHA6jXSltC7Ilmy6tW
UX7kZJQaxBQCddf7Fw/2xu3PJ0aM6seNBlG1fRFF6FB1H6inOcdt3kxhciJDIauZ
UX7kZJQaxBQCddf7Fw/2xu3PJ0aM6seNBlG1fRFF6FD4uTlegNHPYH0fEyZvBUqn
FVTBRwnkLtPewHyPiEAMAGEDQzriXzHIySqhDbe4XppFuTqZ/maNUyxNK1FIWG43hjqyco3EpL4rHvDFOESnwA==
U7stKn3KoxNGzrDHb21La3y0YVivHyG0OBVSN/wqP7jTvmYFk7ps4asHHvEbJQjb
c7idcpH4ur1Lszd6gFEkLzUf844imomh/l/QqUOrzHHiMYKMCGwWyrY5EM+2UnlI
FVTBRwnkLtPewHyPiEAMAGEDQzriXzHIySqhDbe4XpqM57myL4nDAGOVOlab93sihjqyco3EpL4rHvDFOESnwA==
c7idcpH4ur1Lszd6gFEkLzUf844imomh/l/QqUOrzHFnTrtN/66HvfaJnh9y1m4C
c7idcpH4ur1Lszd6gFEkLzUf844imomh/l/QqUOrzHG4F1/pP9xRnFjXJWkjxbGv
U7stKn3KoxNGzrDHb21La6fVnw3Wmorni7WNLoaNECWp3CSaZ9O5ujtwA3ilqpId
C7exy/We924rrFsF2bfhk7e03H3XsESUCE1QvXXHAmJniHUqrn3xmnJDMe1DxQab
h/Q/q2jwfw9K7fgXR5WVk0eEGFfp49tBQSW5eB1HYYWrgRANPtXv7Tp2hmLzpyU4
KqRqvV6AaBZSIo2Q2oMULw1ulerRQMOW3LF7+DqssFd6aw8TsZz9BRLSoJ1uoME6AnHnRQm4WapF1/+xB3/DzQ==
h/Q/q2jwfw9K7fgXR5WVk0eEGFfp49tBQSW5eB1HYYWyEggOcfCMqoafWOUHHEX6
KqRqvV6AaBZSIo2Q2oMULw1ulerRQMOW3LF7+DqssFcidcUsI53SzPj5hquqmlIwAnHnRQm4WapF1/+xB3/DzQ==
//dYjzCgqcz1vAQw7BxcTrPiwajCIaP/xNqAgjSvwD7PzOQPmC1e90Up3iGVJlljIxfDIxNrJRZ45k+SY/TEUw==
E01ZOmRXf2M+w/71z3eE08D4BMhmvWiPn6Pqqo+Ay+z/uoBlqUfASr1cMaxZz7zytRxHqDSw1YFt+7pgI9Ea7Q==
